#
# A fatal error has been detected by the Java Runtime Environment:
#
#  EXCEPTION_ACCESS_VIOLATION (0xc0000005) at pc=0x036d2a84, pid=4340, tid=4608
#
# JRE version: 6.0_20-b02
# Java VM: Java HotSpot(TM) Client VM (16.3-b01 mixed mode, sharing windows-x86 )
# Problematic frame:
# C  [grfinger.dll+0x2a84]
#
# If you would like to submit a bug report, please visit:
#   http://java.sun.com/webapps/bugreport/crash.jsp
#

---------------  T H R E A D  ---------------

Current thread (0x02bfa000):  VMThread [stack: 0x02ce0000,0x02d30000] [id=4608]

siginfo: ExceptionCode=0xc0000005, reading address 0x039afff4

Registers:
EAX=0x036d1290, EBX=0x00000001, ECX=0x039affe8, EDX=0x7c9792c4
ESP=0x02d2fa10, EBP=0x02d2fa5c, ESI=0x039affe8, EDI=0x00000000
EIP=0x036d2a84, EFLAGS=0x00010206

Top of Stack: (sp=0x02d2fa10)
0x02d2fa10:   036d1290 039affe8 1000120a 00000000
0x02d2fa20:   10001a07 10002d07 10000000 00000000
0x02d2fa30:   00000001 00000000 02d2fa70 001a3608
0x02d2fa40:   00000001 02d2fa34 02d2f634 02d2faf0
0x02d2fa50:   10004024 100083b8 00000000 02d2fa7c
0x02d2fa60:   7c90118a 10000000 00000000 00000001
0x02d2fa70:   001a3608 00000000 001a36f0 02d2fb00
0x02d2fa80:   7c923ada 10002c96 10000000 00000000 

Instructions: (pc=0x036d2a84)
0x036d2a74:   c0 5e c2 04 00 cc cc cc cc cc cc cc 51 56 8b f1
0x036d2a84:   8a 46 0c 84 c0 75 08 b8 fe ff ff ff 5e 59 c3 8b 


Stack: [0x02ce0000,0x02d30000],  sp=0x02d2fa10,  free space=13e02d2f584k
Native frames: (J=compiled Java code, j=interpreted, Vv=VM code, C=native code)
C  [grfinger.dll+0x2a84]
C  [ntdll.dll+0x118a]
C  [ntdll.dll+0x23ada]
C  [kernel32.dll+0x1caae]
C  [kernel32.dll+0x1cb26]
C  [msvcr71.dll+0x8d04]
C  [msvcr71.dll+0x8d11]
V  [jvm.dll+0x1f6ffd]
V  [jvm.dll+0x1f62de]
V  [jvm.dll+0x1f662c]
V  [jvm.dll+0x1f6a52]
V  [jvm.dll+0x17f96c]
C  [msvcr71.dll+0x9565]
C  [kernel32.dll+0xb729]

VM_Operation (0x035ef540): Exit, mode: safepoint, requested by thread 0x02fe0c00


---------------  P R O C E S S  ---------------

Java Threads: ( => current thread )
  0x003a6800 JavaThread "DestroyJavaVM" [_thread_blocked, id=4872, stack(0x009c0000,0x00a10000)]
  0x03053000 JavaThread "Thread-3" [_thread_blocked, id=5740, stack(0x05620000,0x05670000)]
  0x02fe0c00 JavaThread "AWT-EventQueue-0" [_thread_blocked, id=1664, stack(0x035a0000,0x035f0000)]
  0x02c97400 JavaThread "AWT-Shutdown" [_thread_blocked, id=3848, stack(0x03240000,0x03290000)]
  0x02c95800 JavaThread "Java2D Disposer" daemon [_thread_blocked, id=2080, stack(0x031f0000,0x03240000)]
  0x02c0e000 JavaThread "Low Memory Detector" daemon [_thread_blocked, id=936, stack(0x02ec0000,0x02f10000)]
  0x02c07800 JavaThread "CompilerThread0" daemon [_thread_blocked, id=5356, stack(0x02e70000,0x02ec0000)]
  0x02c06000 JavaThread "Attach Listener" daemon [_thread_blocked, id=5824, stack(0x02e20000,0x02e70000)]
  0x02c04800 JavaThread "Signal Dispatcher" daemon [_thread_blocked, id=1020, stack(0x02dd0000,0x02e20000)]
  0x02c00000 JavaThread "Finalizer" daemon [_thread_blocked, id=4248, stack(0x02d80000,0x02dd0000)]
  0x02bfb400 JavaThread "Reference Handler" daemon [_thread_blocked, id=2128, stack(0x02d30000,0x02d80000)]

Other Threads:
=>0x02bfa000 VMThread [stack: 0x02ce0000,0x02d30000] [id=4608]

VM state:at safepoint (shutting down)

VM Mutex/Monitor currently owned by a thread:  ([mutex/lock_event])
[0x003a59b8] Threads_lock - owner thread: 0x02bfa000

Heap
 def new generation   total 4928K, used 4659K [0x22990000, 0x22ee0000, 0x27ee0000)
  eden space 4416K,  97% used [0x22990000, 0x22dc7be8, 0x22de0000)
  from space 512K,  66% used [0x22de0000, 0x22e35190, 0x22e60000)
  to   space 512K,   0% used [0x22e60000, 0x22e60000, 0x22ee0000)
 tenured generation   total 10944K, used 2249K [0x27ee0000, 0x28990000, 0x32990000)
   the space 10944K,  20% used [0x27ee0000, 0x28112488, 0x28112600, 0x28990000)
 compacting perm gen  total 12288K, used 883K [0x32990000, 0x33590000, 0x36990000)
   the space 12288K,   7% used [0x32990000, 0x32a6cf78, 0x32a6d000, 0x33590000)
    ro space 10240K,  51% used [0x36990000, 0x36ebae00, 0x36ebae00, 0x37390000)
    rw space 12288K,  54% used [0x37390000, 0x37a272d8, 0x37a27400, 0x37f90000)

Dynamic libraries:
0x00400000 - 0x00424000 	C:\Arquivos de programas\Java\jre6\bin\javaw.exe
0x7c900000 - 0x7c9b6000 	C:\WINDOWS\system32\ntdll.dll
0x7c800000 - 0x7c900000 	C:\WINDOWS\system32\kernel32.dll
0x77f50000 - 0x77ffb000 	C:\WINDOWS\system32\ADVAPI32.dll
0x77db0000 - 0x77e42000 	C:\WINDOWS\system32\RPCRT4.dll
0x77f20000 - 0x77f31000 	C:\WINDOWS\system32\Secur32.dll
0x7e360000 - 0x7e3f1000 	C:\WINDOWS\system32\USER32.dll
0x77e50000 - 0x77e99000 	C:\WINDOWS\system32\GDI32.dll
0x76360000 - 0x7637d000 	C:\WINDOWS\system32\IMM32.DLL
0x7c340000 - 0x7c396000 	C:\Arquivos de programas\Java\jre6\bin\msvcr71.dll
0x6d800000 - 0x6da97000 	C:\Arquivos de programas\Java\jre6\bin\client\jvm.dll
0x76b20000 - 0x76b4e000 	C:\WINDOWS\system32\WINMM.dll
0x6d7b0000 - 0x6d7bc000 	C:\Arquivos de programas\Java\jre6\bin\verify.dll
0x6d330000 - 0x6d34f000 	C:\Arquivos de programas\Java\jre6\bin\java.dll
0x6d290000 - 0x6d298000 	C:\Arquivos de programas\Java\jre6\bin\hpi.dll
0x76bd0000 - 0x76bdb000 	C:\WINDOWS\system32\PSAPI.DLL
0x6d7f0000 - 0x6d7ff000 	C:\Arquivos de programas\Java\jre6\bin\zip.dll
0x6d000000 - 0x6d14a000 	C:\Arquivos de programas\Java\jre6\bin\awt.dll
0x72fb0000 - 0x72fd6000 	C:\WINDOWS\system32\WINSPOOL.DRV
0x77bf0000 - 0x77c48000 	C:\WINDOWS\system32\msvcrt.dll
0x774c0000 - 0x775fd000 	C:\WINDOWS\system32\ole32.dll
0x773b0000 - 0x774b3000 	C:\WINDOWS\WinSxS\x86_Microsoft.Windows.Common-Controls_6595b64144ccf1df_6.0.2600.5512_x-ww_35d4ce83\COMCTL32.dll
0x77ea0000 - 0x77f16000 	C:\WINDOWS\system32\SHLWAPI.dll
0x5b1c0000 - 0x5b1f8000 	C:\WINDOWS\system32\uxtheme.dll
0x6d230000 - 0x6d284000 	C:\Arquivos de programas\Java\jre6\bin\fontmanager.dll
0x746e0000 - 0x7472c000 	C:\WINDOWS\system32\MSCTF.dll
0x75290000 - 0x752be000 	C:\WINDOWS\system32\msctfime.ime
0x77be0000 - 0x77be8000 	C:\WINDOWS\system32\VERSION.dll
0x7c9c0000 - 0x7d1de000 	C:\WINDOWS\system32\shell32.dll
0x6d610000 - 0x6d623000 	C:\Arquivos de programas\Java\jre6\bin\net.dll
0x71a70000 - 0x71a87000 	C:\WINDOWS\system32\WS2_32.dll
0x71a60000 - 0x71a68000 	C:\WINDOWS\system32\WS2HELP.dll
0x6d630000 - 0x6d639000 	C:\Arquivos de programas\Java\jre6\bin\nio.dll
0x10000000 - 0x1000f000 	C:\Arquivos de programas\Griaule\Fingerprint SDK 2007\bin\GrFingerJava.dll
0x036d0000 - 0x03968000 	C:\ARQUIV~1\Griaule\FINGER~1\bin\grfinger.dll
0x03970000 - 0x03985000 	C:\ARQUIV~1\Griaule\FINGER~1\bin\pthreadVC2.dll
0x71a90000 - 0x71a9a000 	C:\WINDOWS\system32\WSOCK32.dll
0x76d40000 - 0x76d59000 	C:\WINDOWS\system32\iphlpapi.dll
0x76760000 - 0x76769000 	C:\WINDOWS\system32\SHFOLDER.dll
0x77100000 - 0x7718b000 	C:\WINDOWS\system32\OLEAUT32.DLL
0x6d370000 - 0x6d37d000 	C:\Arquivos de programas\Java\jre6\bin\JdbcOdbc.dll
0x74610000 - 0x7464d000 	C:\WINDOWS\system32\ODBC32.dll
0x76380000 - 0x763c8000 	C:\WINDOWS\system32\comdlg32.dll
0x1f840000 - 0x1f858000 	C:\WINDOWS\system32\odbcint.dll
0x6dad0000 - 0x6daeb000 	C:\WINDOWS\system32\odbccp32.dll
0x76fb0000 - 0x7702f000 	C:\WINDOWS\system32\CLBCATQ.DLL
0x77030000 - 0x770fd000 	C:\WINDOWS\system32\COMRes.dll
0x0f9a0000 - 0x0f9ab000 	C:\WINDOWS\system32\VBAJET32.DLL
0x0b240000 - 0x0b26d000 	C:\ARQUIV~1\Griaule\FINGER~1\bin\CapPluginCertis.dll
0x0b280000 - 0x0b290000 	C:\ARQUIV~1\Griaule\FINGER~1\bin\CapPluginCrossMatch.dll
0x0b2a0000 - 0x0b2d7000 	C:\ARQUIV~1\Griaule\FINGER~1\bin\CapPluginFingercap.dll
0x0b2f0000 - 0x0b302000 	C:\ARQUIV~1\Griaule\FINGER~1\bin\CapPluginHamster.dll
0x77900000 - 0x779f5000 	C:\WINDOWS\system32\setupapi.dll
0x76c10000 - 0x76c3e000 	C:\WINDOWS\system32\WINTRUST.dll
0x77a60000 - 0x77af6000 	C:\WINDOWS\system32\CRYPT32.dll
0x77b00000 - 0x77b12000 	C:\WINDOWS\system32\MSASN1.dll
0x76c70000 - 0x76c98000 	C:\WINDOWS\system32\IMAGEHLP.dll

VM Arguments:
java_command: C:\Arquivos de programas\Griaule\Fingerprint SDK 2007\samples\Java\appl\bin\GrFingerJavaSample.jar
Launcher Type: SUN_STANDARD

Environment Variables:
CLASSPATH=.;C:\ARQUIV~1\Griaule\FINGER~1\bin\GRFING~2.JAR
PATH=C:\WINDOWS\;C:\Arquivos de programas\Embarcadero\RAD Studio\7.0\bin;C:\Documents and Settings\All Users\Documentos\RAD Studio\7.0\Bpl;C:\WINDOWS\Microsoft.NET\Framework\v1.1.4322\;C:\Arquivos de programas\Borland\BDS\4.0\Bin;C:\WINDOWS\system32;C:\WINDOWS;C:\WINDOWS\System32\Wbem;C:\ARQUIV~1\Borland\Delphi6\Bin;C:\ARQUIV~1\Borland\Delphi6\Projects\Bpl;C:\Program Files\Borland\CaliberRM SDK 2005 R2\lib;C:\Arquivos de programas\Arquivos comuns\Adobe\AGL;C:\ARQUIV~1\Griaule\FINGER~1\bin;D:\Documentos\Borland Studio Projects\Bpl;C:\Arquivos de programas\Arquivos comuns\Nero\Lib\
USERNAME=Paulo Vale
OS=Windows_NT
PROCESSOR_IDENTIFIER=x86 Family 15 Model 104 Stepping 1, AuthenticAMD



---------------  S Y S T E M  ---------------

OS: Windows XP Build 2600 Service Pack 3

CPU:total 2 (2 cores per cpu, 1 threads per core) family 15 model 104 stepping 1, cmov, cx8, fxsr, mmx, sse, sse2, sse3, mmxext, 3dnow, 3dnowext

Memory: 4k page, physical 2554724k(1544264k free), swap 4489772k(2931744k free)

vm_info: Java HotSpot(TM) Client VM (16.3-b01) for windows-x86 JRE (1.6.0_20-b02), built on Apr 12 2010 13:52:23 by "java_re" with MS VC++ 7.1 (VS2003)

time: Sun Apr 03 15:18:52 2011
elapsed time: 25 seconds

